-------------------------------------------------------------------------------
Test set: cucumber.Options.TestRunner
-------------------------------------------------------------------------------
Tests run: 2, Failures: 0, Errors: 1, Skipped: 0, Time elapsed: 21.192 s <<< FAILURE! - in cucumber.Options.TestRunner
Validating BPMN API's.Verify API: getBpmnDiagram API get BpmnDiagram using 'name' parameter  Time elapsed: 1.232 s  <<< ERROR!
java.lang.IllegalStateException: Cannot parse object because no supported Content-Type was specified in response. Content-Type was 'application/octet-stream'.

