<?xml version="1.0" encoding="UTF-8"?>
<testsuite xmlns:xsi="http://www.w3.org/2001/XMLSchema-instance" xsi:noNamespaceSchemaLocation="https://maven.apache.org/surefire/maven-surefire-plugin/xsd/surefire-test-report-3.0.xsd" version="3.0" name="cucumber.Options.TestRunner" time="156.461" tests="62" errors="7" skipped="0" failures="9">
  <properties>
[...]
</properties>
  <testcase name="Verify API: getCategoryCount API return Total Category Count" classname="Validating Category API&apos;s" time="16.03"/>
  <testcase name="Verify API: createCategory API add Category paylod" classname="Validating Category API&apos;s" time="6.292"/>
  <testcase name="Verify API: createCategory API add without Category paylod" classname="Validating Category API&apos;s" time="1.252">
    <failure message="expected:&lt;400&gt; but was:&lt;200&gt;" type="java.lang.AssertionError"><![CDATA[java.lang.AssertionError: expected:<400> but was:<200>
]]></failure>
    <system-out><![CDATA[API Called ::: createCategory with Method === Post
]]></system-out>
  </testcase>
  <testcase name="Verify API: getAllCategories API return List of All Categories" classname="Validating Category API&apos;s" time="2.12"/>
  <testcase name="Verify API: getCategoryListbyName API, search by &apos;categoryName&apos;" classname="Validating Category API&apos;s" time="2.213"/>
  <testcase name="Verify API: getCategoryListbyName API  with no &apos;CategoryName&apos;" classname="Validating Category API&apos;s" time="1.2"/>
  <testcase name="Verify API: getCategoryListbyName API, search by &apos;CategoryId&apos;" classname="Validating Category API&apos;s" time="2.023">
    <failure message="expected:&lt;500&gt; but was:&lt;200&gt;" type="java.lang.AssertionError"><![CDATA[java.lang.AssertionError: expected:<500> but was:<200>
]]></failure>
    <system-out><![CDATA[API Called ::: getCategoryListbyName with Method === Get
]]></system-out>
  </testcase>
  <testcase name="Verify API: getCategoryBySearchCriteria API, with no SearchCriteria" classname="Validating Category API&apos;s" time="4.252">
    <failure message="All Categories not searched in case of no Search Criteria: array lengths differed, expected.length=105 actual.length=1" type="java.lang.AssertionError"><![CDATA[java.lang.AssertionError: All Categories not searched in case of no Search Criteria: array lengths differed, expected.length=105 actual.length=1
]]></failure>
    <system-out><![CDATA[API Called ::: getCategoryBySearchCriteria with Method === Get
API Called ::: getCategoryBySearchCriteria with Method === Get
Actual category count:1
API Called ::: getAllCategories with Method === Get
Expected category count:105
]]></system-out>
  </testcase>
  <testcase name="Verify API: getCategoryBySearchCriteria API, search by &apos;CategoryId&apos;" classname="Validating Category API&apos;s" time="1.851"/>
  <testcase name="Verify API: getCategoryBySearchCriteria API, search by &apos;CategoryName&apos;" classname="Validating Category API&apos;s" time="4.921"/>
  <testcase name="Verify API: getCategoryBySearchCriteria API, search by &apos;CategoryStatus&apos;" classname="Validating Category API&apos;s" time="0.995"/>
  <testcase name="Verify API: getCategoryBySearchCriteria API, search by invalid &apos;categoryId&apos;" classname="Validating Category API&apos;s" time="1.601"/>
  <testcase name="Verify API: getCategoryBySearchCriteria API, search by invalid &apos;categoryName&apos;" classname="Validating Category API&apos;s" time="1.654"/>
  <testcase name="Verify API: getCategoryNotinList API, to serach list of categories other than Parameter" classname="Validating Category API&apos;s" time="1.971"/>
  <testcase name="Verify API: getCategoryNotinList API, with Invalid CategoryParanetId" classname="Validating Category API&apos;s" time="1.947"/>
  <testcase name="Verify API: updateCategory API add Category payload" classname="Validating Category API&apos;s" time="1.667"/>
  <testcase name="Verify API: deleteCategory API, no CategoryId" classname="Validating Category API&apos;s" time="4.118"/>
  <testcase name="Verify API: deleteCategory API, delete with Invalid categoryId" classname="Validating Category API&apos;s" time="2.072"/>
  <testcase name="Verify API: deleteCategory API, update Field status as Passive" classname="Validating Category API&apos;s" time="1.712"/>
  <testcase name="Verify API: getClientCount API return Total Client Count" classname="Validating Client API&apos;s" time="1.486"/>
  <testcase name="Verify API: createClient API add Client payload" classname="Validating Client API&apos;s" time="2.942"/>
  <testcase name="Verify API: getAllClients API return List of All Clients" classname="Validating Client API&apos;s" time="2.718"/>
  <testcase name="Verify API: getAllProjectsIds API return List of All ProjectIds" classname="Validating Client API&apos;s" time="0.834"/>
  <testcase name="Verify API: getAllProjectsIds API return List of All ProjectIds" classname="Validating Client API&apos;s" time="1.611"/>
  <testcase name="Verify API: getAllProjectsIds API return List of All ProjectId&apos;s" classname="Validating Client API&apos;s" time="1.906"/>
  <testcase name="Verify API: getAllProjectsIds API, search by invalid &apos;clientId&apos;" classname="Validating Client API&apos;s" time="1.705"/>
  <testcase name="Verify API: getClientBySearchCriteria API, search no SearchCriteria" classname="Validating Client API&apos;s" time="5.104">
    <failure message="All Client not searched in case of no Search Criteria: array lengths differed, expected.length=73 actual.length=1" type="java.lang.AssertionError"><![CDATA[java.lang.AssertionError: All Client not searched in case of no Search Criteria: array lengths differed, expected.length=73 actual.length=1
]]></failure>
    <system-out><![CDATA[API Called ::: getClientBySearchCriteria with Method === Get
Expected Client :Client [clientId=1000073, clientName=RS-2, clientRuleIds=[1], clientGeography=North America, clientIndustry=Insurance, clientSector=Financial Services, clientOnboardingDate=2020-06-04, clientOffBoardingdate=, clientStatus=Active, clientHappinessIndex=1234, clientEngagementHealth=Good, clientEngagementState=1234, projectIds=[0], clientOnboardedBy=rupam_sys, clientOnboardedAt=2020-06-04 00:13:48, clientOffboardedBy=NA, clientOffboardedAt=0000-00-00 00:00:00, users=[entity.ClientUser@a68b60f]]
API Called ::: getClientBySearchCriteria with Method === Get
Actual Client count:1
API Called ::: getAllClients with Method === Get
Expected Client count:73
]]></system-out>
  </testcase>
  <testcase name="Verify API: getClientBySearchCriteria API, search by &apos;clientId&apos;" classname="Validating Client API&apos;s" time="1.558"/>
  <testcase name="Verify API: getClientBySearchCriteria API, search by &apos;clientName&apos;" classname="Validating Client API&apos;s" time="4.879"/>
  <testcase name="Verify API: getClientBySearchCriteria API, search by &apos;clientStatus&apos;" classname="Validating Client API&apos;s" time="1.356"/>
  <testcase name="Verify API: getClientBySearchCriteria API, search by &apos;clientSector&apos;" classname="Validating Client API&apos;s" time="3.55"/>
  <testcase name="Verify API: getClientBySearchCriteria API, search by &apos;clientIndustry&apos;" classname="Validating Client API&apos;s" time="2.724"/>
  <testcase name="Verify API: getClientBySearchCriteria API, search by &apos;clientHappinessIndex&apos;" classname="Validating Client API&apos;s" time="2.054"/>
  <testcase name="Verify API: getClientBySearchCriteria API, search by &apos;clientGeography&apos;" classname="Validating Client API&apos;s" time="3.402"/>
  <testcase name="Verify API: getClientBySearchCriteria API, search by &apos;clientEngagementState&apos;" classname="Validating Client API&apos;s" time="2.472"/>
  <testcase name="Verify API: getClientBySearchCriteria API, search by &apos;clientEngagementHealth&apos;" classname="Validating Client API&apos;s" time="2.669"/>
  <testcase name="Verify API: getClientBySearchCriteria API, search by invalid &apos;clientId&apos;" classname="Validating Client API&apos;s" time="1.802"/>
  <testcase name="Verify API: getClientBySearchCriteria API, search by invalid &apos;clientName&apos;" classname="Validating Client API&apos;s" time="2.139"/>
  <testcase name="Verify API: getClientBySearchCriteria API, search by invalid &apos;clientStatus&apos;" classname="Validating Client API&apos;s" time="1.829"/>
  <testcase name="Verify API: getClientBySearchCriteria API, search by invalid &apos;clientSector&apos;" classname="Validating Client API&apos;s" time="2.08"/>
  <testcase name="Verify API: getClientBySearchCriteria API, search by invalid &apos;clientIndustry&apos;" classname="Validating Client API&apos;s" time="2.05"/>
  <testcase name="Verify API: getClientBySearchCriteria API, search by invalid &apos;clientHappinessIndex&apos;" classname="Validating Client API&apos;s" time="2.113"/>
  <testcase name="Verify API: getClientBySearchCriteria API, search by invalid &apos;clientGeography&apos;" classname="Validating Client API&apos;s" time="2.079"/>
  <testcase name="Verify API: getClientBySearchCriteria API, search by invalid &apos;clientEngagementState&apos;" classname="Validating Client API&apos;s" time="2.229"/>
  <testcase name="Verify API: getClientBySearchCriteria API, search by invalid &apos;clientEngagementHealth&apos;" classname="Validating Client API&apos;s" time="2.077"/>
  <testcase name="Verify API: getClientUsers API return List of All Users" classname="Validating Client API&apos;s" time="1.034"/>
  <testcase name="Verify API: getClientUsers API return List of All Users" classname="Validating Client API&apos;s" time="2.24"/>
  <testcase name="Verify API: getClientUsers API, search by invalid &apos;clientId&apos;" classname="Validating Client API&apos;s" time="1.526">
    <error message="Cannot deserialize instance of `[Lentity.Client;` out of START_OBJECT token&#10; at [Source: (String)&quot;{&quot;timestamp&quot;:&quot;2020-06-04T05:14:51.217+0000&quot;,&quot;status&quot;:500,&quot;error&quot;:&quot;Internal Server Error&quot;,&quot;message&quot;:&quot;Client with id - -9 not found&quot;,&quot;path&quot;:&quot;/getClientUsers&quot;}&quot;; line: 1, column: 1]" type="com.fasterxml.jackson.databind.exc.MismatchedInputException"><![CDATA[com.fasterxml.jackson.databind.exc.MismatchedInputException: 
Cannot deserialize instance of `[Lentity.Client;` out of START_OBJECT token
 at [Source: (String)"{"timestamp":"2020-06-04T05:14:51.217+0000","status":500,"error":"Internal Server Error","message":"Client with id - -9 not found","path":"/getClientUsers"}"; line: 1, column: 1]
]]></error>
    <system-out><![CDATA[API Called ::: getClientUsers with Method === Put
]]></system-out>
  </testcase>
  <testcase name="Verify API: addProjectToClient API, to add Project to Client" classname="Validating Client API&apos;s" time="0.04">
    <error message="No enum constant resources.APIResources.getAllProjects" type="java.lang.IllegalArgumentException"><![CDATA[java.lang.IllegalArgumentException: No enum constant resources.APIResources.getAllProjects
]]></error>
  </testcase>
  <testcase name="Verify API: addUsersToClient API, with Invalid clientId" classname="Validating Client API&apos;s" time="0.06">
    <error message="No enum constant resources.APIResources.getAllProjects" type="java.lang.IllegalArgumentException"><![CDATA[java.lang.IllegalArgumentException: No enum constant resources.APIResources.getAllProjects
]]></error>
  </testcase>
  <testcase name="Verify API: addUsersToClient API, with Invalid Parameter-clientName" classname="Validating Client API&apos;s" time="0.069">
    <error message="No enum constant resources.APIResources.getAllProjects" type="java.lang.IllegalArgumentException"><![CDATA[java.lang.IllegalArgumentException: No enum constant resources.APIResources.getAllProjects
]]></error>
  </testcase>
  <testcase name="Verify API: addUsersToClient API, to add user to Client" classname="Validating Client API&apos;s" time="2.686">
    <failure message="expected:&lt;200&gt; but was:&lt;500&gt;" type="java.lang.AssertionError"><![CDATA[java.lang.AssertionError: expected:<200> but was:<500>
]]></failure>
    <system-out><![CDATA[API Called ::: getAllUsers with Method === Get
API Called ::: addUsersToClient with Method === Put
]]></system-out>
  </testcase>
  <testcase name="Verify API: addUsersToClient API, to add user to Client" classname="Validating Client API&apos;s" time="3.359"/>
  <testcase name="Verify API: deleteProjectFromClient API, to delete Project from Client" classname="Validating Client API&apos;s" time="0.058">
    <error message="No enum constant resources.APIResources.getAllProjects" type="java.lang.IllegalArgumentException"><![CDATA[java.lang.IllegalArgumentException: No enum constant resources.APIResources.getAllProjects
]]></error>
    <system-out><![CDATA[Client Id :1000073
]]></system-out>
  </testcase>
  <testcase name="Verify API: deleteProjectFromClient API, to delete Project from Client with Invalid Client Id" classname="Validating Client API&apos;s" time="0.091">
    <error message="No enum constant resources.APIResources.getAllProjects" type="java.lang.IllegalArgumentException"><![CDATA[java.lang.IllegalArgumentException: No enum constant resources.APIResources.getAllProjects
]]></error>
    <system-out><![CDATA[Client Id :1000073
]]></system-out>
  </testcase>
  <testcase name="Verify API: deleteProjectFromClient API, to delete Project from Client with Invalid Parameter ClientName" classname="Validating Client API&apos;s" time="0.057">
    <error message="No enum constant resources.APIResources.getAllProjects" type="java.lang.IllegalArgumentException"><![CDATA[java.lang.IllegalArgumentException: No enum constant resources.APIResources.getAllProjects
]]></error>
    <system-out><![CDATA[Client Id :1000073
]]></system-out>
  </testcase>
  <testcase name="Verify API: deleteUsersFromClient API, to add user to Client" classname="Validating Client API&apos;s" time="4.546">
    <failure message="expected:&lt;200&gt; but was:&lt;400&gt;" type="java.lang.AssertionError"><![CDATA[java.lang.AssertionError: expected:<200> but was:<400>
]]></failure>
    <system-out><![CDATA[Client Id :1000073
API Called ::: getAllUsers with Method === Get
API Called ::: deleteUsersFromClient with Method === Put
]]></system-out>
  </testcase>
  <testcase name="Verify API: deleteUsersFromClient API, to delete user from Client with invalid value clientId" classname="Validating Client API&apos;s" time="3.361">
    <failure message="expected:&lt;[Client with id - -9 not found]&gt; but was:&lt;[Required Integer parameter &apos;userId&apos; is not present]&gt;" type="org.junit.ComparisonFailure"><![CDATA[org.junit.ComparisonFailure: expected:<[Client with id - -9 not found]> but was:<[Required Integer parameter 'userId' is not present]>
]]></failure>
    <system-out><![CDATA[Client Id :1000073
API Called ::: getAllUsers with Method === Get
API Called ::: deleteUsersFromClient with Method === Put
]]></system-out>
  </testcase>
  <testcase name="Verify API: deleteUsersFromClient API, to delete user from Client with invalid parameter ClientName" classname="Validating Client API&apos;s" time="3.296">
    <failure message="expected:&lt;... Integer parameter &apos;[client]Id&apos; is not present&gt; but was:&lt;... Integer parameter &apos;[user]Id&apos; is not present&gt;" type="org.junit.ComparisonFailure"><![CDATA[org.junit.ComparisonFailure: expected:<... Integer parameter '[client]Id' is not present> but was:<... Integer parameter '[user]Id' is not present>
]]></failure>
    <system-out><![CDATA[Client Id :1000073
API Called ::: getAllUsers with Method === Get
API Called ::: deleteUsersFromClient with Method === Put
]]></system-out>
  </testcase>
  <testcase name="Verify API: updateClient API, update Field status as Passive" classname="Validating Client API&apos;s" time="1.771"/>
  <testcase name="Verify API: deleteClient API, update Field status as Passive" classname="Validating Client API&apos;s" time="1.663"/>
  <testcase name="Verify API: deleteClient API, with No Client Id" classname="Validating Client API&apos;s" time="0.826">
    <failure message="expected:&lt;400&gt; but was:&lt;200&gt;" type="java.lang.AssertionError"><![CDATA[java.lang.AssertionError: expected:<400> but was:<200>
]]></failure>
    <system-out><![CDATA[API Called ::: deleteClient with Method === Delete
]]></system-out>
  </testcase>
</testsuite>