<?xml version="1.0" encoding="UTF-8"?>
<testsuite xmlns:xsi="http://www.w3.org/2001/XMLSchema-instance" xsi:noNamespaceSchemaLocation="https://maven.apache.org/surefire/maven-surefire-plugin/xsd/surefire-test-report-3.0.xsd" version="3.0" name="cucumber.Options.TestRunner" time="20.954" tests="3" errors="0" skipped="0" failures="1">
  <properties>
[...]
</properties>
  <testcase name="Verify API: getFieldCount API, Get Number of Fields" classname="Validating Cic-Service APIs" time="11.334"/>
  <testcase name="Verify API: createField API, add Field paylod" classname="Validating Cic-Service APIs" time="4.761"/>
  <testcase name="Verify API: updateFieldByRuleId API return &apos;ok&apos; [need clarification on its functionality]" classname="Validating Cic-Service APIs" time="1.899">
    <failure message="1 expectation failed.&#10;Expected content-type &quot;JSON&quot; doesn&apos;t match actual content-type &quot;text/plain;charset=UTF-8&quot;.&#10;" type="java.lang.AssertionError"><![CDATA[java.lang.AssertionError: 
1 expectation failed.
Expected content-type "JSON" doesn't match actual content-type "text/plain;charset=UTF-8".

]]></failure>
    <system-out><![CDATA[API Called ::: updateFieldByRuleId with Method === Put
]]></system-out>
  </testcase>
</testsuite>